[debug] [2017-12-08T13:34:49.398Z] ----------------------------------------------------------------------
[debug] [2017-12-08T13:34:49.402Z] Command:       /usr/local/bin/node /usr/local/bin/firebase deploy --project presentation-robo
[debug] [2017-12-08T13:34:49.402Z] CLI Version:   3.16.0
[debug] [2017-12-08T13:34:49.403Z] Platform:      darwin
[debug] [2017-12-08T13:34:49.403Z] Node Version:  v6.9.5
[debug] [2017-12-08T13:34:49.404Z] Time:          Fri Dec 08 2017 08:34:49 GMT-0500 (EST)
[debug] [2017-12-08T13:34:49.404Z] ----------------------------------------------------------------------
[debug] 
[debug] [2017-12-08T13:34:49.419Z] > command requires scopes: ["email","openid","https://www.googleapis.com/auth/cloudplatformprojects.readonly","https://www.googleapis.com/auth/firebase","https://www.googleapis.com/auth/cloud-platform"]
[debug] [2017-12-08T13:34:49.420Z] > authorizing via signed-in user
[debug] [2017-12-08T13:34:49.422Z] > refreshing access token with scopes: ["email","https://www.googleapis.com/auth/cloud-platform","https://www.googleapis.com/auth/cloudplatformprojects.readonly","https://www.googleapis.com/auth/firebase","openid"]
[debug] [2017-12-08T13:34:49.423Z] >>> HTTP REQUEST POST https://www.googleapis.com/oauth2/v3/token  
 { refresh_token: '1/SrUcF1FAOnG-tYBJ2P-tY90F1Su6XIAOE4U4UcufStE',
  client_id: '563584335869-fgrhgmd47bqnekij5i8b5pr03ho849e6.apps.googleusercontent.com',
  client_secret: 'j9iVZfS8kkCEFUPaAeJV0sAi',
  grant_type: 'refresh_token',
  scope: 'email https://www.googleapis.com/auth/cloud-platform https://www.googleapis.com/auth/cloudplatformprojects.readonly https://www.googleapis.com/auth/firebase openid' } 
 Fri Dec 08 2017 08:34:49 GMT-0500 (EST)
[debug] [2017-12-08T13:34:49.630Z] <<< HTTP RESPONSE 200
[debug] [2017-12-08T13:34:49.633Z] >>> HTTP REQUEST GET https://admin.firebase.com/v1/projects/presentation-robo  
  
 Fri Dec 08 2017 08:34:49 GMT-0500 (EST)
[debug] [2017-12-08T13:34:49.899Z] <<< HTTP RESPONSE 200
[debug] [2017-12-08T13:34:49.900Z] >>> HTTP REQUEST GET https://admin.firebase.com/v1/database/presentation-robo/tokens  
  
 Fri Dec 08 2017 08:34:49 GMT-0500 (EST)
[debug] [2017-12-08T13:34:50.398Z] <<< HTTP RESPONSE 200
[info] 
[info] === Deploying to 'presentation-robo'...
[info] 
[info] i  deploying hosting
[info] i  hosting: preparing . directory for upload...
[debug] [2017-12-08T13:34:57.598Z] >>> HTTP REQUEST PUT https://deploy.firebase.com/v1/hosting/presentation-robo/uploads/-L-qKUMnEqFm-pAhmXl3?fileCount=300&message=  
  
 Fri Dec 08 2017 08:34:57 GMT-0500 (EST)
[debug] [2017-12-08T13:54:14.982Z] ----------------------------------------------------------------------
[debug] [2017-12-08T13:54:14.985Z] Command:       /usr/local/bin/node /usr/local/bin/firebase deploy
[debug] [2017-12-08T13:54:14.986Z] CLI Version:   3.16.0
[debug] [2017-12-08T13:54:14.986Z] Platform:      darwin
[debug] [2017-12-08T13:54:14.986Z] Node Version:  v6.9.5
[debug] [2017-12-08T13:54:14.987Z] Time:          Fri Dec 08 2017 08:54:14 GMT-0500 (EST)
[debug] [2017-12-08T13:54:14.987Z] ----------------------------------------------------------------------
[debug] 
[debug] [2017-12-08T13:54:15.030Z] > command requires scopes: ["email","openid","https://www.googleapis.com/auth/cloudplatformprojects.readonly","https://www.googleapis.com/auth/firebase","https://www.googleapis.com/auth/cloud-platform"]
[debug] [2017-12-08T13:54:15.031Z] > authorizing via signed-in user
[debug] [2017-12-08T13:54:15.034Z] >>> HTTP REQUEST GET https://admin.firebase.com/v1/projects/presentation-robo  
  
 Fri Dec 08 2017 08:54:15 GMT-0500 (EST)
[debug] [2017-12-08T13:54:15.525Z] <<< HTTP RESPONSE 200
[debug] [2017-12-08T13:54:15.527Z] >>> HTTP REQUEST GET https://admin.firebase.com/v1/database/presentation-robo/tokens  
  
 Fri Dec 08 2017 08:54:15 GMT-0500 (EST)
[debug] [2017-12-08T13:54:15.909Z] <<< HTTP RESPONSE 200
[info] 
[info] === Deploying to 'presentation-robo'...
[info] 
[info] i  deploying hosting
[info] i  hosting: preparing . directory for upload...
[debug] [2017-12-08T13:54:27.863Z] >>> HTTP REQUEST PUT https://deploy.firebase.com/v1/hosting/presentation-robo/uploads/-L-qOvtWtgjyGZYQxvGs?fileCount=312&message=  
  
 Fri Dec 08 2017 08:54:27 GMT-0500 (EST)
